<?xml version="1.0" encoding="UTF-8"?>
<testsuite xmlns:xsi="http://www.w3.org/2001/XMLSchema-instance" xsi:noNamespaceSchemaLocation="https://maven.apache.org/surefire/maven-surefire-plugin/xsd/surefire-test-report-3.0.xsd" version="3.0" name="org.example.EnglishRussianDictionaryTest" time="0.024" tests="7" errors="0" skipped="0" failures="0">
  <properties>
[...]
</properties>
  <testcase name="testSetTranslation" classname="org.example.EnglishRussianDictionaryTest" time="0.009"/>
  <testcase name="testUpdateTranslation" classname="org.example.EnglishRussianDictionaryTest" time="0.0"/>
  <testcase name="testSetTranslationForNonExistentWord" classname="org.example.EnglishRussianDictionaryTest" time="0.001"/>
  <testcase name="testAddAndSize" classname="org.example.EnglishRussianDictionaryTest" time="0.001"/>
  <testcase name="testGetTranslation" classname="org.example.EnglishRussianDictionaryTest" time="0.001"/>
  <testcase name="testRemoveNonExistentWord" classname="org.example.EnglishRussianDictionaryTest" time="0.0"/>
  <testcase name="testRemove" classname="org.example.EnglishRussianDictionaryTest" time="0.0"/>
</testsuite>